Turbo Debugger Log
  sp 001E   
  ds 5B73   
  es 0000   
  ss 5B71   
  cs 5B73   
  ip 0051   
Stack before custom interruption
CPU 80486
  ss:001E 0004  
  ss:001C 0001  
CPU 80486
  ss:001A0002  
  ss:0018 3346  
Stack after custom interruption calling
Stack into interruption start
CPU 80486
  ss:0016 5B73  
  ss:00140068  
CPU 80486
  ss:0012 0000  
  ss:0010 223F  
Stack in the end of interruption
CPU 80486
  ss:0016 5B73  
  ss:00140068  
CPU 80486
  ss:0012 3146  
  ss:0010 5B73  
Stack after interruption
CPU 80486
  ss:001C 0001  
  ss:001A0002  
CPU 80486
  ss:0018 3346  
  ss:0016 5B73  
Before interruption ressurection
CPU 80486
  ax 2560   
  bx 0008   
  cx 0000   
  dx 0000   
  si 0055   
  di 0000   
  bp 0000   
  sp 001E   
  ds 5B73   
  es 5B73   
  ss 5B71   
  cs 5B73   
  ip 00B0   
