  CodeGeneration.cpp
  PostfixCreator.cpp
D:\!универ\PGU\5 семестр\ЛиПО\Лабы\Лаба_3\Lab_1\Project1\Main.h(11,10): warning C4067: непредвиденные лексемы за директивой препроцессора, требуется newline
D:\!универ\PGU\5 семестр\ЛиПО\Лабы\Лаба_3\Lab_1\Project1\Main.h(12,10): warning C4067: непредвиденные лексемы за директивой препроцессора, требуется newline
  Source.cpp
D:\!универ\PGU\5 семестр\ЛиПО\Лабы\Лаба_3\Lab_1\Project1\Source.cpp(6,10): warning C4067: непредвиденные лексемы за директивой препроцессора, требуется newline
D:\!универ\PGU\5 семестр\ЛиПО\Лабы\Лаба_3\Lab_1\Project1\Main.h(11,10): warning C4067: непредвиденные лексемы за директивой препроцессора, требуется newline
D:\!универ\PGU\5 семестр\ЛиПО\Лабы\Лаба_3\Lab_1\Project1\Main.h(12,10): warning C4067: непредвиденные лексемы за директивой препроцессора, требуется newline
D:\!универ\PGU\5 семестр\ЛиПО\Лабы\Лаба_3\Lab_1\Project1\Source.cpp(40,20): warning C4244: инициализация: преобразование "std::streamoff" в "int", возможна потеря данных
D:\!универ\PGU\5 семестр\ЛиПО\Лабы\Лаба_3\Lab_1\Project1\Source.cpp(67,10): warning C4101: ch: неиспользованная локальная переменная
  SyntaxAnalizator.cpp
D:\!универ\PGU\5 семестр\ЛиПО\Лабы\Лаба_3\Lab_1\Project1\SyntaxAnalizator.cpp(1,10): warning C4067: непредвиденные лексемы за директивой препроцессора, требуется newline
D:\!универ\PGU\5 семестр\ЛиПО\Лабы\Лаба_3\Lab_1\Project1\Main.h(11,10): warning C4067: непредвиденные лексемы за директивой препроцессора, требуется newline
D:\!универ\PGU\5 семестр\ЛиПО\Лабы\Лаба_3\Lab_1\Project1\Main.h(12,10): warning C4067: непредвиденные лексемы за директивой препроцессора, требуется newline
D:\!универ\PGU\5 семестр\ЛиПО\Лабы\Лаба_3\Lab_1\Project1\SyntaxAnalizator.cpp(42,39): warning C4267: инициализация: преобразование из "size_t" в "int"; возможна потеря данных
D:\!универ\PGU\5 семестр\ЛиПО\Лабы\Лаба_3\Lab_1\Project1\SyntaxAnalizator.cpp(43,49): warning C4267: инициализация: преобразование из "size_t" в "int"; возможна потеря данных
  SyntaxFunc.cpp
D:\!универ\PGU\5 семестр\ЛиПО\Лабы\Лаба_3\Lab_1\Project1\SyntaxFunc.cpp(1,10): warning C4067: непредвиденные лексемы за директивой препроцессора, требуется newline
D:\!универ\PGU\5 семестр\ЛиПО\Лабы\Лаба_3\Lab_1\Project1\Main.h(11,10): warning C4067: непредвиденные лексемы за директивой препроцессора, требуется newline
D:\!универ\PGU\5 семестр\ЛиПО\Лабы\Лаба_3\Lab_1\Project1\Main.h(12,10): warning C4067: непредвиденные лексемы за директивой препроцессора, требуется newline
D:\!универ\PGU\5 семестр\ЛиПО\Лабы\Лаба_3\Lab_1\Project1\SyntaxFunc.cpp(2,10): warning C4067: непредвиденные лексемы за директивой препроцессора, требуется newline
D:\!универ\PGU\5 семестр\ЛиПО\Лабы\Лаба_3\Lab_1\Project1\SyntaxFunc.cpp(149,20): warning C4244: инициализация: преобразование "std::streamoff" в "int", возможна потеря данных
  Создание кода...
  Project1.vcxproj -> D:\!универ\PGU\5 семестр\ЛиПО\Лабы\Лаба_3\Lab_1\Project1\x64\Debug\Project1.exe
